<?xml version="1.0" encoding="UTF-8"?>
<coverage generated="1628025650909" clover="3.2.0">
  <project timestamp="1628025650909" name="All files">
    <metrics statements="29" coveredstatements="29" conditionals="44" coveredconditionals="28" methods="7" coveredmethods="7" elements="80" coveredelements="64" complexity="0" loc="29" ncloc="29" packages="1" files="1" classes="1"/>
    <file name="mutantsHandler.js" path="D:\Users\lache\WebstormProjects\meli\handlers\mutantsHandler.js">
      <metrics statements="29" coveredstatements="29" conditionals="44" coveredconditionals="28" methods="7" coveredmethods="7"/>
      <line num="1" count="1" type="stmt"/>
      <line num="2" count="1" type="stmt"/>
      <line num="4" count="3" type="stmt"/>
      <line num="5" count="18" type="stmt"/>
      <line num="15" count="42" type="cond" truecount="2" falsecount="0"/>
      <line num="16" count="42" type="cond" truecount="2" falsecount="0"/>
      <line num="17" count="42" type="cond" truecount="1" falsecount="1"/>
      <line num="18" count="42" type="stmt"/>
      <line num="29" count="47" type="stmt"/>
      <line num="30" count="47" type="cond" truecount="5" falsecount="0"/>
      <line num="31" count="5" type="stmt"/>
      <line num="33" count="42" type="stmt"/>
      <line num="44" count="54" type="stmt"/>
      <line num="45" count="54" type="cond" truecount="5" falsecount="0"/>
      <line num="46" count="12" type="stmt"/>
      <line num="48" count="42" type="stmt"/>
      <line num="59" count="55" type="stmt"/>
      <line num="60" count="55" type="cond" truecount="5" falsecount="0"/>
      <line num="61" count="13" type="stmt"/>
      <line num="63" count="42" type="stmt"/>
      <line num="73" count="152" type="cond" truecount="4" falsecount="0"/>
      <line num="76" count="1" type="cond" truecount="0" falsecount="1"/>
      <line num="77" count="3" type="stmt"/>
      <line num="78" count="3" type="stmt"/>
      <line num="79" count="3" type="cond" truecount="2" falsecount="0"/>
      <line num="80" count="8" type="cond" truecount="2" falsecount="0"/>
      <line num="81" count="42" type="stmt"/>
      <line num="84" count="3" type="stmt"/>
      <line num="86" count="1" type="stmt"/>
    </file>
  </project>
</coverage>
