{"D:\\Users\\lache\\WebstormProjects\\meli\\handlers\\mutantsHandler.js": {"path":"D:\\Users\\lache\\WebstormProjects\\meli\\handlers\\mutantsHandler.js","statementMap":{"0":{"start":{"line":1,"column":18},"end":{"line":1,"column":22}},"1":{"start":{"line":2,"column":19},"end":{"line":2,"column":20}},"2":{"start":{"line":4,"column":4},"end":{"line":6,"column":5}},"3":{"start":{"line":4,"column":16},"end":{"line":4,"column":17}},"4":{"start":{"line":5,"column":8},"end":{"line":5,"column":29}},"5":{"start":{"line":15,"column":24},"end":{"line":15,"column":87}},"6":{"start":{"line":16,"column":23},"end":{"line":16,"column":91}},"7":{"start":{"line":17,"column":23},"end":{"line":17,"column":89}},"8":{"start":{"line":18,"column":4},"end":{"line":18,"column":47}},"9":{"start":{"line":29,"column":21},"end":{"line":29,"column":50}},"10":{"start":{"line":30,"column":4},"end":{"line":32,"column":5}},"11":{"start":{"line":31,"column":8},"end":{"line":31,"column":63}},"12":{"start":{"line":33,"column":4},"end":{"line":33,"column":13}},"13":{"start":{"line":44,"column":21},"end":{"line":44,"column":50}},"14":{"start":{"line":45,"column":4},"end":{"line":47,"column":5}},"15":{"start":{"line":46,"column":8},"end":{"line":46,"column":65}},"16":{"start":{"line":48,"column":4},"end":{"line":48,"column":13}},"17":{"start":{"line":59,"column":21},"end":{"line":59,"column":50}},"18":{"start":{"line":60,"column":4},"end":{"line":62,"column":5}},"19":{"start":{"line":61,"column":8},"end":{"line":61,"column":64}},"20":{"start":{"line":63,"column":4},"end":{"line":63,"column":13}},"21":{"start":{"line":73,"column":4},"end":{"line":73,"column":69}},"22":{"start":{"line":76,"column":17},"end":{"line":85,"column":1}},"23":{"start":{"line":77,"column":4},"end":{"line":77,"column":22}},"24":{"start":{"line":78,"column":24},"end":{"line":78,"column":25}},"25":{"start":{"line":79,"column":4},"end":{"line":83,"column":5}},"26":{"start":{"line":79,"column":15},"end":{"line":79,"column":16}},"27":{"start":{"line":80,"column":8},"end":{"line":82,"column":9}},"28":{"start":{"line":80,"column":21},"end":{"line":80,"column":22}},"29":{"start":{"line":81,"column":12},"end":{"line":81,"column":56}},"30":{"start":{"line":84,"column":4},"end":{"line":84,"column":27}},"31":{"start":{"line":86,"column":0},"end":{"line":88,"column":1}}},"fnMap":{"0":{"name":"setDNAMatrix","decl":{"start":{"line":3,"column":9},"end":{"line":3,"column":21}},"loc":{"start":{"line":3,"column":31},"end":{"line":7,"column":1}},"line":3},"1":{"name":"countConsecutiveGenes","decl":{"start":{"line":14,"column":9},"end":{"line":14,"column":30}},"loc":{"start":{"line":14,"column":58},"end":{"line":19,"column":1}},"line":14},"2":{"name":"countVertical","decl":{"start":{"line":28,"column":9},"end":{"line":28,"column":22}},"loc":{"start":{"line":28,"column":60},"end":{"line":34,"column":1}},"line":28},"3":{"name":"countHorizontal","decl":{"start":{"line":43,"column":9},"end":{"line":43,"column":24}},"loc":{"start":{"line":43,"column":61},"end":{"line":49,"column":1}},"line":43},"4":{"name":"countDiags","decl":{"start":{"line":58,"column":9},"end":{"line":58,"column":19}},"loc":{"start":{"line":58,"column":57},"end":{"line":64,"column":1}},"line":58},"5":{"name":"isValidPosition","decl":{"start":{"line":72,"column":9},"end":{"line":72,"column":24}},"loc":{"start":{"line":72,"column":37},"end":{"line":74,"column":1}},"line":72},"6":{"name":"(anonymous_6)","decl":{"start":{"line":76,"column":17},"end":{"line":76,"column":18}},"loc":{"start":{"line":76,"column":29},"end":{"line":85,"column":1}},"line":76}},"branchMap":{"0":{"loc":{"start":{"line":3,"column":22},"end":{"line":3,"column":29}},"type":"default-arg","locations":[{"start":{"line":3,"column":27},"end":{"line":3,"column":29}}],"line":3},"1":{"loc":{"start":{"line":14,"column":31},"end":{"line":14,"column":43}},"type":"default-arg","locations":[{"start":{"line":14,"column":42},"end":{"line":14,"column":43}}],"line":14},"2":{"loc":{"start":{"line":14,"column":45},"end":{"line":14,"column":57}},"type":"default-arg","locations":[{"start":{"line":14,"column":56},"end":{"line":14,"column":57}}],"line":14},"3":{"loc":{"start":{"line":15,"column":24},"end":{"line":15,"column":87}},"type":"cond-expr","locations":[{"start":{"line":15,"column":82},"end":{"line":15,"column":83}},{"start":{"line":15,"column":86},"end":{"line":15,"column":87}}],"line":15},"4":{"loc":{"start":{"line":16,"column":23},"end":{"line":16,"column":91}},"type":"cond-expr","locations":[{"start":{"line":16,"column":86},"end":{"line":16,"column":87}},{"start":{"line":16,"column":90},"end":{"line":16,"column":91}}],"line":16},"5":{"loc":{"start":{"line":17,"column":23},"end":{"line":17,"column":89}},"type":"cond-expr","locations":[{"start":{"line":17,"column":84},"end":{"line":17,"column":85}},{"start":{"line":17,"column":88},"end":{"line":17,"column":89}}],"line":17},"6":{"loc":{"start":{"line":28,"column":23},"end":{"line":28,"column":35}},"type":"default-arg","locations":[{"start":{"line":28,"column":34},"end":{"line":28,"column":35}}],"line":28},"7":{"loc":{"start":{"line":28,"column":37},"end":{"line":28,"column":49}},"type":"default-arg","locations":[{"start":{"line":28,"column":48},"end":{"line":28,"column":49}}],"line":28},"8":{"loc":{"start":{"line":28,"column":51},"end":{"line":28,"column":59}},"type":"default-arg","locations":[{"start":{"line":28,"column":58},"end":{"line":28,"column":59}}],"line":28},"9":{"loc":{"start":{"line":30,"column":4},"end":{"line":32,"column":5}},"type":"if","locations":[{"start":{"line":30,"column":4},"end":{"line":32,"column":5}},{"start":{"line":30,"column":4},"end":{"line":32,"column":5}}],"line":30},"10":{"loc":{"start":{"line":30,"column":7},"end":{"line":30,"column":106}},"type":"binary-expr","locations":[{"start":{"line":30,"column":7},"end":{"line":30,"column":15}},{"start":{"line":30,"column":19},"end":{"line":30,"column":56}},{"start":{"line":30,"column":60},"end":{"line":30,"column":106}}],"line":30},"11":{"loc":{"start":{"line":43,"column":25},"end":{"line":43,"column":37}},"type":"default-arg","locations":[{"start":{"line":43,"column":36},"end":{"line":43,"column":37}}],"line":43},"12":{"loc":{"start":{"line":43,"column":39},"end":{"line":43,"column":51}},"type":"default-arg","locations":[{"start":{"line":43,"column":50},"end":{"line":43,"column":51}}],"line":43},"13":{"loc":{"start":{"line":43,"column":52},"end":{"line":43,"column":60}},"type":"default-arg","locations":[{"start":{"line":43,"column":59},"end":{"line":43,"column":60}}],"line":43},"14":{"loc":{"start":{"line":45,"column":4},"end":{"line":47,"column":5}},"type":"if","locations":[{"start":{"line":45,"column":4},"end":{"line":47,"column":5}},{"start":{"line":45,"column":4},"end":{"line":47,"column":5}}],"line":45},"15":{"loc":{"start":{"line":45,"column":7},"end":{"line":45,"column":106}},"type":"binary-expr","locations":[{"start":{"line":45,"column":7},"end":{"line":45,"column":15}},{"start":{"line":45,"column":19},"end":{"line":45,"column":56}},{"start":{"line":45,"column":60},"end":{"line":45,"column":106}}],"line":45},"16":{"loc":{"start":{"line":58,"column":20},"end":{"line":58,"column":32}},"type":"default-arg","locations":[{"start":{"line":58,"column":31},"end":{"line":58,"column":32}}],"line":58},"17":{"loc":{"start":{"line":58,"column":34},"end":{"line":58,"column":46}},"type":"default-arg","locations":[{"start":{"line":58,"column":45},"end":{"line":58,"column":46}}],"line":58},"18":{"loc":{"start":{"line":58,"column":48},"end":{"line":58,"column":56}},"type":"default-arg","locations":[{"start":{"line":58,"column":55},"end":{"line":58,"column":56}}],"line":58},"19":{"loc":{"start":{"line":60,"column":4},"end":{"line":62,"column":5}},"type":"if","locations":[{"start":{"line":60,"column":4},"end":{"line":62,"column":5}},{"start":{"line":60,"column":4},"end":{"line":62,"column":5}}],"line":60},"20":{"loc":{"start":{"line":60,"column":7},"end":{"line":60,"column":110}},"type":"binary-expr","locations":[{"start":{"line":60,"column":7},"end":{"line":60,"column":15}},{"start":{"line":60,"column":19},"end":{"line":60,"column":58}},{"start":{"line":60,"column":62},"end":{"line":60,"column":110}}],"line":60},"21":{"loc":{"start":{"line":72,"column":25},"end":{"line":72,"column":30}},"type":"default-arg","locations":[{"start":{"line":72,"column":29},"end":{"line":72,"column":30}}],"line":72},"22":{"loc":{"start":{"line":72,"column":32},"end":{"line":72,"column":36}},"type":"default-arg","locations":[{"start":{"line":72,"column":35},"end":{"line":72,"column":36}}],"line":72},"23":{"loc":{"start":{"line":73,"column":11},"end":{"line":73,"column":69}},"type":"binary-expr","locations":[{"start":{"line":73,"column":11},"end":{"line":73,"column":15}},{"start":{"line":73,"column":19},"end":{"line":73,"column":39}},{"start":{"line":73,"column":43},"end":{"line":73,"column":47}},{"start":{"line":73,"column":51},"end":{"line":73,"column":69}}],"line":73},"24":{"loc":{"start":{"line":76,"column":18},"end":{"line":76,"column":25}},"type":"default-arg","locations":[{"start":{"line":76,"column":23},"end":{"line":76,"column":25}}],"line":76},"25":{"loc":{"start":{"line":79,"column":18},"end":{"line":79,"column":55}},"type":"binary-expr","locations":[{"start":{"line":79,"column":18},"end":{"line":79,"column":36}},{"start":{"line":79,"column":40},"end":{"line":79,"column":55}}],"line":79},"26":{"loc":{"start":{"line":80,"column":24},"end":{"line":80,"column":63}},"type":"binary-expr","locations":[{"start":{"line":80,"column":24},"end":{"line":80,"column":44}},{"start":{"line":80,"column":48},"end":{"line":80,"column":63}}],"line":80}},"s":{"0":1,"1":1,"2":3,"3":3,"4":18,"5":42,"6":42,"7":42,"8":42,"9":47,"10":47,"11":5,"12":42,"13":54,"14":54,"15":12,"16":42,"17":55,"18":55,"19":13,"20":42,"21":152,"22":1,"23":3,"24":3,"25":3,"26":3,"27":8,"28":8,"29":42,"30":3,"31":1},"f":{"0":3,"1":42,"2":47,"3":54,"4":55,"5":152,"6":3},"b":{"0":[0],"1":[0],"2":[0],"3":[2,40],"4":[2,40],"5":[0,42],"6":[0],"7":[0],"8":[0],"9":[5,42],"10":[47,47,38],"11":[0],"12":[0],"13":[0],"14":[12,42],"15":[54,52,45],"16":[0],"17":[0],"18":[0],"19":[13,42],"20":[55,53,41],"21":[0],"22":[0],"23":[152,152,138,138],"24":[0],"25":[11,10],"26":[50,44]},"_coverageSchema":"1a1c01bbd47fc00a2c39e90264f33305004495a9","hash":"6ad6049c13d1980535ed797b383377b75bfa8bea"}
}
