TN:
SF:handlers\mutantsHandler.js
FN:3,setDNAMatrix
FN:14,countConsecutiveGenes
FN:28,countVertical
FN:43,countHorizontal
FN:58,countDiags
FN:72,isValidPosition
FN:76,(anonymous_6)
FNF:7
FNH:7
FNDA:3,setDNAMatrix
FNDA:42,countConsecutiveGenes
FNDA:47,countVertical
FNDA:54,countHorizontal
FNDA:55,countDiags
FNDA:152,isValidPosition
FNDA:3,(anonymous_6)
DA:1,1
DA:2,1
DA:4,3
DA:5,18
DA:15,42
DA:16,42
DA:17,42
DA:18,42
DA:29,47
DA:30,47
DA:31,5
DA:33,42
DA:44,54
DA:45,54
DA:46,12
DA:48,42
DA:59,55
DA:60,55
DA:61,13
DA:63,42
DA:73,152
DA:76,1
DA:77,3
DA:78,3
DA:79,3
DA:80,8
DA:81,42
DA:84,3
DA:86,1
LF:29
LH:29
BRDA:3,0,0,0
BRDA:14,1,0,0
BRDA:14,2,0,0
BRDA:15,3,0,2
BRDA:15,3,1,40
BRDA:16,4,0,2
BRDA:16,4,1,40
BRDA:17,5,0,0
BRDA:17,5,1,42
BRDA:28,6,0,0
BRDA:28,7,0,0
BRDA:28,8,0,0
BRDA:30,9,0,5
BRDA:30,9,1,42
BRDA:30,10,0,47
BRDA:30,10,1,47
BRDA:30,10,2,38
BRDA:43,11,0,0
BRDA:43,12,0,0
BRDA:43,13,0,0
BRDA:45,14,0,12
BRDA:45,14,1,42
BRDA:45,15,0,54
BRDA:45,15,1,52
BRDA:45,15,2,45
BRDA:58,16,0,0
BRDA:58,17,0,0
BRDA:58,18,0,0
BRDA:60,19,0,13
BRDA:60,19,1,42
BRDA:60,20,0,55
BRDA:60,20,1,53
BRDA:60,20,2,41
BRDA:72,21,0,0
BRDA:72,22,0,0
BRDA:73,23,0,152
BRDA:73,23,1,152
BRDA:73,23,2,138
BRDA:73,23,3,138
BRDA:76,24,0,0
BRDA:79,25,0,11
BRDA:79,25,1,10
BRDA:80,26,0,50
BRDA:80,26,1,44
BRF:44
BRH:28
end_of_record
